0 info it worked if it ends with ok
1 verbose cli [ '/Users/liushun/.nvm/versions/node/v7.0.0/bin/node',
1 verbose cli   '/Users/liushun/.nvm/versions/node/v7.0.0/bin/npm',
1 verbose cli   'publish' ]
2 info using npm@3.10.8
3 info using node@v7.0.0
4 verbose publish [ '.' ]
5 silly cache add args [ '.', null ]
6 verbose cache add spec .
7 silly cache add parsed spec Result {
7 silly cache add   raw: '.',
7 silly cache add   scope: null,
7 silly cache add   escapedName: null,
7 silly cache add   name: null,
7 silly cache add   rawSpec: '.',
7 silly cache add   spec: '/Users/liushun/web/ui-ng2',
7 silly cache add   type: 'directory' }
8 verbose addLocalDirectory /Users/liushun/.npm/UI-Ng2/0.0.2/package.tgz not in flight; packing
9 verbose correctMkdir /Users/liushun/.npm correctMkdir not in flight; initializing
10 info lifecycle UI-Ng2@0.0.2~prepublish: UI-Ng2@0.0.2
11 silly lifecycle UI-Ng2@0.0.2~prepublish: no script for prepublish, continuing
12 verbose tar pack [ '/Users/liushun/.npm/UI-Ng2/0.0.2/package.tgz',
12 verbose tar pack   '/Users/liushun/web/ui-ng2' ]
13 verbose tarball /Users/liushun/.npm/UI-Ng2/0.0.2/package.tgz
14 verbose folder /Users/liushun/web/ui-ng2
15 verbose addLocalTarball adding from inside cache /Users/liushun/.npm/UI-Ng2/0.0.2/package.tgz
16 verbose correctMkdir /Users/liushun/.npm correctMkdir not in flight; initializing
17 silly cache afterAdd UI-Ng2@0.0.2
18 verbose afterAdd /Users/liushun/.npm/UI-Ng2/0.0.2/package/package.json not in flight; writing
19 verbose correctMkdir /Users/liushun/.npm correctMkdir not in flight; initializing
20 verbose afterAdd /Users/liushun/.npm/UI-Ng2/0.0.2/package/package.json written
21 silly publish { name: 'UI-Ng2',
21 silly publish   version: '0.0.2',
21 silly publish   description: 'AN Angular2 UI kit',
21 silly publish   contributors: [ { name: 'shun.liu', email: 'liushun8910@gmail.com' } ],
21 silly publish   license: 'MIT',
21 silly publish   dependencies:
21 silly publish    { '@angular/common': '2.2.1',
21 silly publish      '@angular/compiler': '2.2.1',
21 silly publish      '@angular/compiler-cli': '2.2.1',
21 silly publish      '@angular/core': '2.2.1',
21 silly publish      '@angular/forms': '2.2.1',
21 silly publish      '@angular/http': '2.2.1',
21 silly publish      '@angular/platform-browser': '2.2.1',
21 silly publish      '@angular/platform-browser-dynamic': '2.2.1',
21 silly publish      '@angular/platform-server': '2.2.1',
21 silly publish      '@angular/router': '3.2.1',
21 silly publish      'angular2-in-memory-web-api': '0.0.21',
21 silly publish      'core-js': '2.4.1',
21 silly publish      lodash: '4.17.2',
21 silly publish      'plugin-typescript': '5.3.1',
21 silly publish      'reflect-metadata': '0.1.8',
21 silly publish      rxjs: '5.0.0-beta.12',
21 silly publish      systemjs: '0.20.0-alpha.1',
21 silly publish      typescript: '2.1.4',
21 silly publish      'zone.js': '0.6.25' },
21 silly publish   keywords: [ 'ng2 ui' ],
21 silly publish   repository:
21 silly publish    { type: 'git',
21 silly publish      url: 'git+https://github.com/liushun8910/ui-ng2.git' },
21 silly publish   readme: '# ui-ng2\nng2 components library\n\n# how to run\nnpm install ui-ng2\nopen index.html at your browser. (server environment)\n\n',
21 silly publish   readmeFilename: 'README.md',
21 silly publish   gitHead: '65341336b5ebeca8b96f1f62188acc03983ae907',
21 silly publish   bugs: { url: 'https://github.com/liushun8910/ui-ng2/issues' },
21 silly publish   homepage: 'https://github.com/liushun8910/ui-ng2#readme',
21 silly publish   _id: 'UI-Ng2@0.0.2',
21 silly publish   scripts: {},
21 silly publish   _shasum: 'bcee4ff679c4b569ec2778009cfdd78c315cac8b',
21 silly publish   _from: '.' }
22 verbose getPublishConfig undefined
23 silly mapToRegistry name UI-Ng2
24 silly mapToRegistry using default registry
25 silly mapToRegistry registry https://registry.npmjs.org/
26 silly mapToRegistry data Result {
26 silly mapToRegistry   raw: 'UI-Ng2',
26 silly mapToRegistry   scope: null,
26 silly mapToRegistry   escapedName: 'UI-Ng2',
26 silly mapToRegistry   name: 'UI-Ng2',
26 silly mapToRegistry   rawSpec: '',
26 silly mapToRegistry   spec: 'latest',
26 silly mapToRegistry   type: 'tag' }
27 silly mapToRegistry uri https://registry.npmjs.org/UI-Ng2
28 verbose publish registryBase https://registry.npmjs.org/
29 silly publish uploading /Users/liushun/.npm/UI-Ng2/0.0.2/package.tgz
30 verbose request uri https://registry.npmjs.org/UI-Ng2
31 verbose request sending authorization for write operation
32 info attempt registry request try #1 at 10:32:45
33 verbose request using bearer token for auth
34 verbose request id 8b8ef39871aadf1d
35 http request PUT https://registry.npmjs.org/UI-Ng2
36 http 400 https://registry.npmjs.org/UI-Ng2
37 verbose headers { 'content-type': 'application/json',
37 verbose headers   'cache-control': 'max-age=300',
37 verbose headers   'content-length': '55',
37 verbose headers   'accept-ranges': 'bytes',
37 verbose headers   date: 'Thu, 15 Dec 2016 02:32:44 GMT',
37 verbose headers   via: '1.1 varnish',
37 verbose headers   connection: 'keep-alive',
37 verbose headers   'x-served-by': 'cache-hkg6824-HKG',
37 verbose headers   'x-cache': 'MISS',
37 verbose headers   'x-cache-hits': '0',
37 verbose headers   'x-timer': 'S1481769163.351067,VS0,VE958',
37 verbose headers   vary: 'Accept-Encoding' }
38 verbose request invalidating /Users/liushun/.npm/registry.npmjs.org/UI-Ng2 on PUT
39 error publish Failed PUT 400
40 verbose stack Error: "name must be lower case" : UI-Ng2
40 verbose stack     at makeError (/Users/liushun/.nvm/versions/node/v7.0.0/lib/node_modules/npm/node_modules/npm-registry-client/lib/request.js:302:12)
40 verbose stack     at CachingRegistryClient.<anonymous> (/Users/liushun/.nvm/versions/node/v7.0.0/lib/node_modules/npm/node_modules/npm-registry-client/lib/request.js:290:14)
40 verbose stack     at Request._callback (/Users/liushun/.nvm/versions/node/v7.0.0/lib/node_modules/npm/node_modules/npm-registry-client/lib/request.js:210:14)
40 verbose stack     at Request.self.callback (/Users/liushun/.nvm/versions/node/v7.0.0/lib/node_modules/npm/node_modules/request/request.js:187:22)
40 verbose stack     at emitTwo (events.js:106:13)
40 verbose stack     at Request.emit (events.js:191:7)
40 verbose stack     at Request.<anonymous> (/Users/liushun/.nvm/versions/node/v7.0.0/lib/node_modules/npm/node_modules/request/request.js:1044:10)
40 verbose stack     at emitOne (events.js:96:13)
40 verbose stack     at Request.emit (events.js:188:7)
40 verbose stack     at IncomingMessage.<anonymous> (/Users/liushun/.nvm/versions/node/v7.0.0/lib/node_modules/npm/node_modules/request/request.js:965:12)
41 verbose statusCode 400
42 verbose pkgid UI-Ng2
43 verbose cwd /Users/liushun/web/ui-ng2
44 error Darwin 16.1.0
45 error argv "/Users/liushun/.nvm/versions/node/v7.0.0/bin/node" "/Users/liushun/.nvm/versions/node/v7.0.0/bin/npm" "publish"
46 error node v7.0.0
47 error npm  v3.10.8
48 error code E400
49 error "name must be lower case" : UI-Ng2
50 error If you need help, you may report this error at:
50 error     <https://github.com/npm/npm/issues>
51 verbose exit [ 1, true ]
